<?xml version="1.0" encoding="UTF-8"?>
<!-- Generated by org.testng.reporters.JUnitReportReporter -->
<testsuite hostname="BOOBALAN" failures="0" tests="2" name="testNG.Groups" time="0.006" errors="0" timestamp="2022-04-01T12:16:01 IST" skipped="0">
  <testcase classname="testNG.Groups" name="secondCase" time="0.001"/>
  <system-out/>
  <testcase classname="testNG.Groups" name="fourCase" time="0.005"/>
  <system-out/>
</testsuite> <!-- testNG.Groups -->
