<?xml version="1.0" encoding="UTF-8"?>
<!-- Generated by org.testng.reporters.JUnitReportReporter -->
<testsuite hostname="BOOBALAN" failures="0" tests="4" name="testNG.SampleTest" time="0.009" errors="0" timestamp="2022-03-31T17:17:59 IST" skipped="0">
  <testcase classname="testNG.SampleTest" name="fourCase" time="0.001"/>
  <system-out/>
  <testcase classname="testNG.SampleTest" name="thirdCase" time="0.000"/>
  <system-out/>
  <testcase classname="testNG.SampleTest" name="firstCase" time="0.007"/>
  <system-out/>
  <testcase classname="testNG.SampleTest" name="secondCase" time="0.001"/>
  <system-out/>
</testsuite> <!-- testNG.SampleTest -->
