<?xml version="1.0" encoding="UTF-8"?>
<!-- Generated by org.testng.reporters.JUnitReportReporter -->
<testsuite hostname="BOOBALAN" failures="0" tests="1" name="testNG.ParametersEx" time="2.721" errors="0" timestamp="2022-04-01T13:06:43 IST" skipped="0">
  <testcase classname="testNG.ParametersEx" name="Parameter" time="2.721"/>
  <system-out/>
</testsuite> <!-- testNG.ParametersEx -->
