<?xml version="1.0" encoding="UTF-8"?>
<!-- Generated by org.testng.reporters.JUnitReportReporter -->
<testsuite hostname="BOOBALAN" failures="0" tests="1" name="testNG.TitleAndUrl" time="6.934" errors="0" timestamp="2022-03-31T18:41:30 IST" skipped="0">
  <testcase classname="testNG.TitleAndUrl" name="Title" time="6.934"/>
  <system-out/>
</testsuite> <!-- testNG.TitleAndUrl -->
