<?xml version="1.0" encoding="UTF-8"?>
<!-- Generated by org.testng.reporters.JUnitReportReporter -->
<testsuite hostname="BOOBALAN" failures="0" tests="3" name="testNG.ThreadPoolSize" time="18.944" errors="0" timestamp="2022-04-01T10:03:45 IST" skipped="0">
  <testcase classname="testNG.ThreadPoolSize" name="Title" time="5.021"/>
  <system-out/>
  <testcase classname="testNG.ThreadPoolSize" name="Title" time="6.979"/>
  <system-out/>
  <testcase classname="testNG.ThreadPoolSize" name="Title" time="6.944"/>
  <system-out/>
</testsuite> <!-- testNG.ThreadPoolSize -->
