<?xml version="1.0" encoding="UTF-8"?>
<!-- Generated by org.testng.reporters.JUnitReportReporter -->
<testsuite hostname="BOOBALAN" failures="0" tests="2" name="testNG.DataProviderEx" time="5.077" errors="0" timestamp="2022-04-05T15:45:45 IST" skipped="0">
  <testcase classname="testNG.DataProviderEx" name="Parameter" time="3.052"/>
  <system-out/>
  <testcase classname="testNG.DataProviderEx" name="Parameter" time="2.025"/>
  <system-out/>
</testsuite> <!-- testNG.DataProviderEx -->
