<?xml version="1.0" encoding="UTF-8"?>
<!-- Generated by org.testng.reporters.JUnitReportReporter -->
<testsuite hostname="BOOBALAN" failures="0" tests="4" name="testNG.Enable" time="0.007" errors="0" timestamp="2022-03-31T17:45:12 IST" skipped="1">
  <testcase classname="testNG.Enable" name="startCar" time="0.007"/>
  <system-out/>
  <testcase classname="testNG.Enable" name="secondGear" time="0.000"/>
  <system-out/>
  <testcase classname="testNG.Enable" name="thirdGear" time="0.000"/>
  <system-out/>
  <testcase classname="testNG.Enable" name="firstGear">
    <skipped/>
  </testcase> <!-- firstGear -->
  <system-out/>
</testsuite> <!-- testNG.Enable -->
