<?xml version="1.0" encoding="UTF-8"?>
<!-- Generated by org.testng.reporters.JUnitReportReporter -->
<testsuite hostname="BOOBALAN" failures="0" tests="3" name="testNG.DependanciesEx" time="0.008" errors="0" timestamp="2022-03-31T18:09:35 IST" skipped="0">
  <testcase classname="testNG.DependanciesEx" name="highSchool" time="0.006"/>
  <system-out/>
  <testcase classname="testNG.DependanciesEx" name="higherSchool" time="0.001"/>
  <system-out/>
  <testcase classname="testNG.DependanciesEx" name="Degree" time="0.001"/>
  <system-out/>
</testsuite> <!-- testNG.DependanciesEx -->
