<?xml version="1.0" encoding="UTF-8"?>
<!-- Generated by org.testng.reporters.JUnitReportReporter -->
<testsuite hostname="BOOBALAN" failures="0" tests="4" name="testNG.priorityTest" time="0.008" errors="0" timestamp="2022-03-31T17:35:08 IST" skipped="0">
  <testcase classname="testNG.priorityTest" name="startCar" time="0.006"/>
  <system-out/>
  <testcase classname="testNG.priorityTest" name="firstGear" time="0.000"/>
  <system-out/>
  <testcase classname="testNG.priorityTest" name="secondGear" time="0.001"/>
  <system-out/>
  <testcase classname="testNG.priorityTest" name="thirdGear" time="0.001"/>
  <system-out/>
</testsuite> <!-- testNG.priorityTest -->
